<?xml version="1.0" encoding="UTF-8"?>
<testsuite name="ch.tbz.demo.AddressbookApplicationTests" tests="1" skipped="0" failures="0" errors="0" timestamp="2023-09-19T09:06:23" hostname="MBP-von-Mikka.tbz.local" time="0.013">
  <properties/>
  <testcase name="contextLoads()" classname="ch.tbz.demo.AddressbookApplicationTests" time="0.013"/>
  <system-out><![CDATA[]]></system-out>
  <system-err><![CDATA[]]></system-err>
</testsuite>
